<?xml version="1.0" encoding="UTF-8"?>
<testng-results total="1" passed="1" failed="0" skipped="0">
  <reporter-output>
    <line>
      <![CDATA[Guru99 website is opened]]>
    </line>
    <line>
      <![CDATA[Verification of Guru99 title]]>
    </line>
  </reporter-output>
  <suite started-at="2019-09-21T16:21:28Z" name="Default suite" finished-at="2019-09-21T16:21:39Z" duration-ms="10376">
    <groups>
    </groups>
    <test started-at="2019-09-21T16:21:28Z" name="Default test" finished-at="2019-09-21T16:21:39Z" duration-ms="10376">
      <class name="example.LatestTest">
        <test-method signature="f()[pri:0, instance:example.LatestTest@6ee12bac]" started-at="2019-09-21T21:51:29Z" name="f" finished-at="2019-09-21T21:51:39Z" duration-ms="10353" status="PASS">
          <reporter-output>
            <line>
              <![CDATA[Guru99 website is opened]]>
            </line>
            <line>
              <![CDATA[Verification of Guru99 title]]>
            </line>
          </reporter-output>
        </test-method> <!-- f -->
      </class> <!-- example.LatestTest -->
    </test> <!-- Default test -->
  </suite> <!-- Default suite -->
</testng-results>
